[debug] [2022-01-08T01:03:42.700Z] ----------------------------------------------------------------------
[debug] [2022-01-08T01:03:42.702Z] Command:       /usr/local/bin/firebase /home/karim/.cache/firebase/tools/lib/node_modules/firebase-tools/lib/bin/firebase emulators:start
[debug] [2022-01-08T01:03:42.702Z] CLI Version:   9.23.1
[debug] [2022-01-08T01:03:42.702Z] Platform:      linux
[debug] [2022-01-08T01:03:42.702Z] Node Version:  v12.18.1
[debug] [2022-01-08T01:03:42.702Z] Time:          Sat Jan 08 2022 02:03:42 GMT+0100 (GMT+01:00)
[debug] [2022-01-08T01:03:42.703Z] ----------------------------------------------------------------------
[debug] 
[debug] [2022-01-08T01:03:42.737Z] Object "" in "firebase.json" has unknown property: {"additionalProperty":"project_info"}
[debug] [2022-01-08T01:03:42.739Z] > command requires scopes: ["email","openid","https://www.googleapis.com/auth/cloudplatformprojects.readonly","https://www.googleapis.com/auth/firebase","https://www.googleapis.com/auth/cloud-platform"]
[debug] [2022-01-08T01:03:42.740Z] > authorizing via signed-in user (karim.siahmed17@gmail.com)
[info] i  emulators: Starting emulators: functions {"metadata":{"emulator":{"name":"hub"},"message":"Starting emulators: functions"}}
[debug] [2022-01-08T01:03:42.751Z] [hub] writing locator at /tmp/hub-application-e-commerce-b47b4.json
[warn] ⚠  functions: The following emulators are not running, calls to these services from the Functions emulator will affect production: auth, firestore, database, hosting, pubsub, storage {"metadata":{"emulator":{"name":"functions"},"message":"The following emulators are not running, calls to these services from the Functions emulator will affect production: \u001b[1mauth, firestore, database, hosting, pubsub, storage\u001b[22m"}}
[warn] ⚠  Your requested "node" version "14" doesn't match your global version "12" {"metadata":{"emulator":{"name":"functions"},"message":"Your requested \"node\" version \"14\" doesn't match your global version \"12\""}}
[debug] [2022-01-08T01:03:42.781Z] defaultcredentials: writing to file /home/karim/.config/firebase/karim_siahmed17_gmail.com_application_default_credentials.json
[debug] [2022-01-08T01:03:42.783Z] Setting GAC to /home/karim/.config/firebase/karim_siahmed17_gmail.com_application_default_credentials.json {"metadata":{"emulator":{"name":"functions"},"message":"Setting GAC to /home/karim/.config/firebase/karim_siahmed17_gmail.com_application_default_credentials.json"}}
[debug] [2022-01-08T01:03:42.784Z] >>> [apiv2][query] GET https://firebase.googleapis.com/v1beta1/projects/application-e-commerce-b47b4/adminSdkConfig [none]
[debug] [2022-01-08T01:03:43.144Z] <<< [apiv2][status] GET https://firebase.googleapis.com/v1beta1/projects/application-e-commerce-b47b4/adminSdkConfig 200
[debug] [2022-01-08T01:03:43.145Z] <<< [apiv2][body] GET https://firebase.googleapis.com/v1beta1/projects/application-e-commerce-b47b4/adminSdkConfig {"projectId":"application-e-commerce-b47b4","databaseURL":"https://application-e-commerce-b47b4-default-rtdb.europe-west1.firebasedatabase.app","storageBucket":"application-e-commerce-b47b4.appspot.com","locationId":"europe-west"}
[warn] ⚠  ui: Emulator UI unable to start on port 4000, starting on 4001 instead. {"metadata":{"emulator":{"name":"ui"},"message":"Emulator UI unable to start on port 4000, starting on 4001 instead."}}
[debug] [2022-01-08T01:03:43.177Z] Ignoring unsupported arg: auto_download {"metadata":{"emulator":{"name":"ui"},"message":"Ignoring unsupported arg: auto_download"}}
[debug] [2022-01-08T01:03:43.177Z] Ignoring unsupported arg: port {"metadata":{"emulator":{"name":"ui"},"message":"Ignoring unsupported arg: port"}}
[debug] [2022-01-08T01:03:43.177Z] Starting Emulator UI with command {"binary":"node","args":["/home/karim/.cache/firebase/emulators/ui-v1.6.4/server.bundle.js"],"optionalArgs":[],"joinArgs":false} {"metadata":{"emulator":{"name":"ui"},"message":"Starting Emulator UI with command {\"binary\":\"node\",\"args\":[\"/home/karim/.cache/firebase/emulators/ui-v1.6.4/server.bundle.js\"],\"optionalArgs\":[],\"joinArgs\":false}"}}
[info] i  ui: Emulator UI logging to ui-debug.log {"metadata":{"emulator":{"name":"ui"},"message":"Emulator UI logging to \u001b[1mui-debug.log\u001b[22m"}}
[debug] [2022-01-08T01:03:43.330Z] Web / API server started at localhost:4001
 {"metadata":{"emulator":{"name":"ui"},"message":"Web / API server started at localhost:4001\n"}}
[info] i  functions: Watching "/home/karim/AndroidStudioProjects/Application_E_commerce/functions" for Cloud Functions... {"metadata":{"emulator":{"name":"functions"},"message":"Watching \"/home/karim/AndroidStudioProjects/Application_E_commerce/functions\" for Cloud Functions..."}}
[debug] [2022-01-08T01:03:43.471Z] [worker-pool] addWorker(~diagnostic~) {"metadata":{"emulator":{"name":"functions"},"message":"[worker-pool] addWorker(~diagnostic~)"}}
[debug] [2022-01-08T01:03:43.472Z] [worker-pool] Adding worker with key ~diagnostic~, total=1 {"metadata":{"emulator":{"name":"functions"},"message":"[worker-pool] Adding worker with key ~diagnostic~, total=1"}}
[debug] [2022-01-08T01:03:43.472Z] [worker-pool] submitWork(triggerId=) {"metadata":{"emulator":{"name":"functions"},"message":"[worker-pool] submitWork(triggerId=)"}}
[debug] [2022-01-08T01:03:43.473Z] [worker-~diagnostic~-718f8397-3b33-4899-b6ea-ef9e94a299b6]: Assigning socketPath: /tmp/fire_emu_33736.sock {"metadata":{"emulator":{"name":"functions"},"message":"[worker-~diagnostic~-718f8397-3b33-4899-b6ea-ef9e94a299b6]: Assigning socketPath: /tmp/fire_emu_33736.sock"}}
[debug] [2022-01-08T01:03:43.474Z] [worker-~diagnostic~-718f8397-3b33-4899-b6ea-ef9e94a299b6]: BUSY {"metadata":{"emulator":{"name":"functions"},"message":"[worker-~diagnostic~-718f8397-3b33-4899-b6ea-ef9e94a299b6]: BUSY"}}
[debug] [2022-01-08T01:03:43.651Z] [runtime-status] [33736] Functions runtime initialized. {"cwd":"/home/karim/AndroidStudioProjects/Application_E_commerce/functions","node_version":"12.18.1"} {"metadata":{"emulator":{"name":"functions"},"message":"[runtime-status] [33736] Functions runtime initialized. {\"cwd\":\"/home/karim/AndroidStudioProjects/Application_E_commerce/functions\",\"node_version\":\"12.18.1\"}"}}
[debug] [2022-01-08T01:03:43.652Z] [runtime-status] [33736] Disabled runtime features: undefined {"metadata":{"emulator":{"name":"functions"},"message":"[runtime-status] [33736] Disabled runtime features: undefined"}}
[warn] ⚠  The Cloud Functions emulator requires the module "firebase-admin" to be installed. This package is in your package.json, but it's not available. You probably need to run "npm install" in your functions directory. {"metadata":{"emulator":{"name":"functions"},"message":"The Cloud Functions emulator requires the module \"firebase-admin\" to be installed. This package is in your package.json, but it's not available. You probably need to run \"npm install\" in your functions directory."}}
[info] i  functions: Your functions could not be parsed due to an issue with your node_modules (see above) {"metadata":{"emulator":{"name":"functions"},"message":"Your functions could not be parsed due to an issue with your node_modules (see above)"}}
[debug] [2022-01-08T01:03:43.670Z] [worker-~diagnostic~-718f8397-3b33-4899-b6ea-ef9e94a299b6]: exited {"metadata":{"emulator":{"name":"functions"},"message":"[worker-~diagnostic~-718f8397-3b33-4899-b6ea-ef9e94a299b6]: exited"}}
[debug] [2022-01-08T01:03:43.670Z] [worker-~diagnostic~-718f8397-3b33-4899-b6ea-ef9e94a299b6]: FINISHED {"metadata":{"emulator":{"name":"functions"},"message":"[worker-~diagnostic~-718f8397-3b33-4899-b6ea-ef9e94a299b6]: FINISHED"}}
